<?xml version="1.0" encoding="UTF-8"?>

<beans xmlns="http://www.springframework.org/schema/beans"
    xmlns:xsi="http://www.w3.org/2001/XMLSchema-instance"
    xmlns:jdbc="http://www.springframework.org/schema/jdbc"
    xsi:schemaLocation="http://www.springframework.org/schema/beans
                 http://www.springframework.org/schema/beans/spring-beans-2.0.xsd
                 http://www.springframework.org/schema/jdbc
                 http://www.springframework.org/schema/jdbc/spring-jdbc-3.0.xsd">

 <!--
 <jdbc:embedded-database id="dataSource" type="H2">
      <jdbc:script location="classpath:schema.sql"/>
  </jdbc:embedded-database>
 -->  
<bean id="dataSource" class="org.apache.commons.dbcp.BasicDataSource">

<property name="driverClassName" value="com.mysql.jdbc.Driver"></property>
<property name="url" value="jdbc:mysql://localhost:3306/spitter?useUnicode=true&amp;characterEncoding=UTF-8"></property>
<property name = "username" value="root"></property>
<property name="password" value="root"></property>
<property name="initialSize" value="5"></property>
<property name="maxActive" value="10"></property>

</bean>

  <!-- <start id="bean.jdbcTemplate" /> -->
  <bean id="jdbcTemplate"
     class="org.springframework.jdbc.core.simple.SimpleJdbcTemplate">
     <constructor-arg ref="dataSource" />
  </bean>
  <!-- <end id="bean.jdbcTemplate" /> -->
  
    <!--<start id="bean.spitterDao" />--> 
  <bean id="spitterDao" 
      class="com.habuma.spitter.persistence.SimpleJdbcTemplateSpitterDao">
    <property name="jdbcTemplate" ref="jdbcTemplate" />
  </bean>
  <!--<end id="bean.spitterDao" />-->
</beans>
